{"/Users/roeybiton/Desktop/Advanced-Topics-in-Web-Applications/swaggerConfig.ts": {"path":"/Users/roeybiton/Desktop/Advanced-Topics-in-Web-Applications/swaggerConfig.ts","statementMap":{"0":{"start":{"line":2,"column":0},"end":{"line":2,"column":41}},"1":{"start":{"line":3,"column":0},"end":{"line":3,"column":43}},"2":{"start":{"line":5,"column":22},"end":{"line":20,"column":2}},"3":{"start":{"line":22,"column":14},"end":{"line":22,"column":41}},"4":{"start":{"line":24,"column":21},"end":{"line":26,"column":1}},"5":{"start":{"line":25,"column":2},"end":{"line":25,"column":64}},"6":{"start":{"line":28,"column":8},"end":{"line":28,"column":20}}},"fnMap":{"0":{"name":"(anonymous_1)","decl":{"start":{"line":24,"column":21},"end":{"line":24,"column":22}},"loc":{"start":{"line":24,"column":38},"end":{"line":26,"column":1}}}},"branchMap":{},"s":{"0":3,"1":3,"2":3,"3":3,"4":3,"5":3,"6":3},"f":{"0":3},"b":{}}
,"/Users/roeybiton/Desktop/Advanced-Topics-in-Web-Applications/src/server.ts": {"path":"/Users/roeybiton/Desktop/Advanced-Topics-in-Web-Applications/src/server.ts","statementMap":{"0":{"start":{"line":1,"column":0},"end":{"line":1,"column":43}},"1":{"start":{"line":2,"column":0},"end":{"line":2,"column":37}},"2":{"start":{"line":3,"column":0},"end":{"line":3,"column":28}},"3":{"start":{"line":4,"column":0},"end":{"line":4,"column":16}},"4":{"start":{"line":5,"column":0},"end":{"line":5,"column":32}},"5":{"start":{"line":6,"column":0},"end":{"line":6,"column":48}},"6":{"start":{"line":7,"column":0},"end":{"line":7,"column":53}},"7":{"start":{"line":8,"column":0},"end":{"line":8,"column":46}},"8":{"start":{"line":9,"column":0},"end":{"line":9,"column":46}},"9":{"start":{"line":11,"column":12},"end":{"line":11,"column":21}},"10":{"start":{"line":12,"column":11},"end":{"line":12,"column":30}},"11":{"start":{"line":13,"column":0},"end":{"line":15,"column":3}},"12":{"start":{"line":14,"column":2},"end":{"line":14,"column":21}},"13":{"start":{"line":17,"column":0},"end":{"line":19,"column":3}},"14":{"start":{"line":18,"column":2},"end":{"line":18,"column":38}},"15":{"start":{"line":21,"column":0},"end":{"line":21,"column":27}},"16":{"start":{"line":22,"column":0},"end":{"line":22,"column":51}},"17":{"start":{"line":24,"column":0},"end":{"line":24,"column":36}},"18":{"start":{"line":25,"column":0},"end":{"line":25,"column":31}},"19":{"start":{"line":26,"column":0},"end":{"line":26,"column":29}},"20":{"start":{"line":27,"column":0},"end":{"line":29,"column":3}},"21":{"start":{"line":28,"column":2},"end":{"line":28,"column":29}},"22":{"start":{"line":30,"column":0},"end":{"line":30,"column":18}},"23":{"start":{"line":31,"column":16},"end":{"line":48,"column":1}},"24":{"start":{"line":32,"column":2},"end":{"line":47,"column":5}},"25":{"start":{"line":36,"column":4},"end":{"line":46,"column":5}},"26":{"start":{"line":37,"column":6},"end":{"line":37,"column":44}},"27":{"start":{"line":38,"column":6},"end":{"line":38,"column":15}},"28":{"start":{"line":40,"column":6},"end":{"line":45,"column":9}},"29":{"start":{"line":42,"column":8},"end":{"line":42,"column":57}},"30":{"start":{"line":44,"column":8},"end":{"line":44,"column":21}},"31":{"start":{"line":50,"column":0},"end":{"line":50,"column":23}}},"fnMap":{"0":{"name":"(anonymous_1)","decl":{"start":{"line":13,"column":15},"end":{"line":13,"column":16}},"loc":{"start":{"line":13,"column":23},"end":{"line":15,"column":1}}},"1":{"name":"(anonymous_2)","decl":{"start":{"line":17,"column":16},"end":{"line":17,"column":19}},"loc":{"start":{"line":17,"column":21},"end":{"line":19,"column":1}}},"2":{"name":"(anonymous_3)","decl":{"start":{"line":27,"column":18},"end":{"line":27,"column":19}},"loc":{"start":{"line":27,"column":31},"end":{"line":29,"column":1}}},"3":{"name":"(anonymous_4)","decl":{"start":{"line":31,"column":16},"end":{"line":31,"column":19}},"loc":{"start":{"line":31,"column":21},"end":{"line":48,"column":1}}},"4":{"name":"(anonymous_5)","decl":{"start":{"line":32,"column":30},"end":{"line":32,"column":31}},"loc":{"start":{"line":32,"column":50},"end":{"line":47,"column":3}}},"5":{"name":"(anonymous_6)","decl":{"start":{"line":40,"column":51},"end":{"line":40,"column":54}},"loc":{"start":{"line":40,"column":56},"end":{"line":45,"column":7}}}},"branchMap":{"0":{"loc":{"start":{"line":36,"column":4},"end":{"line":46,"column":5}},"type":"if","locations":[{"start":{"line":36,"column":4},"end":{"line":46,"column":5}},{"start":{"line":39,"column":11},"end":{"line":46,"column":5}}]}},"s":{"0":3,"1":3,"2":3,"3":3,"4":3,"5":3,"6":3,"7":3,"8":3,"9":3,"10":3,"11":3,"12":0,"13":3,"14":3,"15":3,"16":3,"17":3,"18":3,"19":3,"20":3,"21":0,"22":3,"23":3,"24":3,"25":3,"26":0,"27":0,"28":3,"29":3,"30":3,"31":3},"f":{"0":0,"1":3,"2":0,"3":3,"4":3,"5":3},"b":{"0":[0,3]}}
,"/Users/roeybiton/Desktop/Advanced-Topics-in-Web-Applications/src/controllers/auth_controller.ts": {"path":"/Users/roeybiton/Desktop/Advanced-Topics-in-Web-Applications/src/controllers/auth_controller.ts","statementMap":{"0":{"start":{"line":3,"column":0},"end":{"line":3,"column":46}},"1":{"start":{"line":4,"column":0},"end":{"line":4,"column":28}},"2":{"start":{"line":5,"column":0},"end":{"line":5,"column":31}},"3":{"start":{"line":6,"column":0},"end":{"line":6,"column":51}},"4":{"start":{"line":7,"column":0},"end":{"line":7,"column":28}},"5":{"start":{"line":9,"column":0},"end":{"line":9,"column":16}},"6":{"start":{"line":12,"column":21},"end":{"line":12,"column":67}},"7":{"start":{"line":23,"column":23},"end":{"line":50,"column":1}},"8":{"start":{"line":27,"column":22},"end":{"line":27,"column":57}},"9":{"start":{"line":29,"column":2},"end":{"line":31,"column":3}},"10":{"start":{"line":30,"column":4},"end":{"line":30,"column":16}},"11":{"start":{"line":33,"column":22},"end":{"line":38,"column":null}},"12":{"start":{"line":41,"column":23},"end":{"line":46,"column":null}},"13":{"start":{"line":49,"column":2},"end":{"line":49,"column":39}},"14":{"start":{"line":55,"column":17},"end":{"line":87,"column":2}},"15":{"start":{"line":55,"column":55},"end":{"line":87,"column":2}},"16":{"start":{"line":56,"column":40},"end":{"line":56,"column":48}},"17":{"start":{"line":59,"column":2},"end":{"line":62,"column":3}},"18":{"start":{"line":60,"column":5},"end":{"line":60,"column":61}},"19":{"start":{"line":61,"column":5},"end":{"line":61,"column":12}},"20":{"start":{"line":64,"column":2},"end":{"line":86,"column":3}},"21":{"start":{"line":66,"column":25},"end":{"line":66,"column":59}},"22":{"start":{"line":67,"column":4},"end":{"line":70,"column":5}},"23":{"start":{"line":68,"column":7},"end":{"line":68,"column":67}},"24":{"start":{"line":69,"column":7},"end":{"line":69,"column":14}},"25":{"start":{"line":73,"column":17},"end":{"line":73,"column":41}},"26":{"start":{"line":74,"column":27},"end":{"line":74,"column":60}},"27":{"start":{"line":77,"column":17},"end":{"line":81,"column":6}},"28":{"start":{"line":83,"column":4},"end":{"line":83,"column":31}},"29":{"start":{"line":85,"column":4},"end":{"line":85,"column":30}},"30":{"start":{"line":92,"column":19},"end":{"line":155,"column":2}},"31":{"start":{"line":92,"column":57},"end":{"line":155,"column":2}},"32":{"start":{"line":93,"column":20},"end":{"line":93,"column":28}},"33":{"start":{"line":95,"column":2},"end":{"line":98,"column":3}},"34":{"start":{"line":96,"column":5},"end":{"line":96,"column":54}},"35":{"start":{"line":97,"column":5},"end":{"line":97,"column":12}},"36":{"start":{"line":100,"column":2},"end":{"line":154,"column":3}},"37":{"start":{"line":102,"column":19},"end":{"line":105,"column":6}},"38":{"start":{"line":107,"column":20},"end":{"line":107,"column":39}},"39":{"start":{"line":108,"column":4},"end":{"line":111,"column":5}},"40":{"start":{"line":109,"column":7},"end":{"line":109,"column":52}},"41":{"start":{"line":110,"column":7},"end":{"line":110,"column":14}},"42":{"start":{"line":114,"column":15},"end":{"line":114,"column":64}},"43":{"start":{"line":116,"column":4},"end":{"line":126,"column":5}},"44":{"start":{"line":118,"column":23},"end":{"line":118,"column":50}},"45":{"start":{"line":120,"column":6},"end":{"line":125,"column":9}},"46":{"start":{"line":129,"column":19},"end":{"line":129,"column":54}},"47":{"start":{"line":130,"column":4},"end":{"line":133,"column":5}},"48":{"start":{"line":131,"column":7},"end":{"line":131,"column":72}},"49":{"start":{"line":132,"column":7},"end":{"line":132,"column":14}},"50":{"start":{"line":136,"column":4},"end":{"line":138,"column":5}},"51":{"start":{"line":137,"column":6},"end":{"line":137,"column":30}},"52":{"start":{"line":139,"column":4},"end":{"line":139,"column":49}},"53":{"start":{"line":140,"column":4},"end":{"line":140,"column":22}},"54":{"start":{"line":143,"column":4},"end":{"line":149,"column":7}},"55":{"start":{"line":152,"column":4},"end":{"line":152,"column":57}},"56":{"start":{"line":153,"column":4},"end":{"line":153,"column":63}},"57":{"start":{"line":160,"column":14},"end":{"line":214,"column":2}},"58":{"start":{"line":160,"column":52},"end":{"line":214,"column":2}},"59":{"start":{"line":161,"column":30},"end":{"line":161,"column":38}},"60":{"start":{"line":164,"column":2},"end":{"line":168,"column":3}},"61":{"start":{"line":166,"column":4},"end":{"line":166,"column":60}},"62":{"start":{"line":167,"column":4},"end":{"line":167,"column":11}},"63":{"start":{"line":170,"column":2},"end":{"line":213,"column":3}},"64":{"start":{"line":172,"column":17},"end":{"line":172,"column":51}},"65":{"start":{"line":173,"column":4},"end":{"line":176,"column":5}},"66":{"start":{"line":174,"column":7},"end":{"line":174,"column":57}},"67":{"start":{"line":175,"column":7},"end":{"line":175,"column":14}},"68":{"start":{"line":179,"column":26},"end":{"line":181,"column":null}},"69":{"start":{"line":184,"column":4},"end":{"line":187,"column":5}},"70":{"start":{"line":185,"column":7},"end":{"line":185,"column":57}},"71":{"start":{"line":186,"column":7},"end":{"line":186,"column":14}},"72":{"start":{"line":190,"column":19},"end":{"line":190,"column":54}},"73":{"start":{"line":191,"column":4},"end":{"line":194,"column":5}},"74":{"start":{"line":192,"column":6},"end":{"line":192,"column":71}},"75":{"start":{"line":193,"column":6},"end":{"line":193,"column":13}},"76":{"start":{"line":197,"column":4},"end":{"line":199,"column":5}},"77":{"start":{"line":198,"column":6},"end":{"line":198,"column":30}},"78":{"start":{"line":200,"column":4},"end":{"line":200,"column":49}},"79":{"start":{"line":201,"column":4},"end":{"line":201,"column":22}},"80":{"start":{"line":204,"column":4},"end":{"line":210,"column":7}},"81":{"start":{"line":212,"column":4},"end":{"line":212,"column":41}},"82":{"start":{"line":219,"column":30},"end":{"line":249,"column":1}},"83":{"start":{"line":224,"column":21},"end":{"line":224,"column":48}},"84":{"start":{"line":225,"column":2},"end":{"line":228,"column":3}},"85":{"start":{"line":226,"column":5},"end":{"line":226,"column":62}},"86":{"start":{"line":227,"column":5},"end":{"line":227,"column":12}},"87":{"start":{"line":230,"column":16},"end":{"line":230,"column":40}},"88":{"start":{"line":232,"column":2},"end":{"line":235,"column":3}},"89":{"start":{"line":233,"column":5},"end":{"line":233,"column":65}},"90":{"start":{"line":234,"column":5},"end":{"line":234,"column":12}},"91":{"start":{"line":237,"column":2},"end":{"line":240,"column":3}},"92":{"start":{"line":238,"column":5},"end":{"line":238,"column":71}},"93":{"start":{"line":239,"column":5},"end":{"line":239,"column":12}},"94":{"start":{"line":242,"column":2},"end":{"line":248,"column":3}},"95":{"start":{"line":243,"column":21},"end":{"line":243,"column":80}},"96":{"start":{"line":244,"column":4},"end":{"line":244,"column":37}},"97":{"start":{"line":245,"column":4},"end":{"line":245,"column":11}},"98":{"start":{"line":247,"column":4},"end":{"line":247,"column":57}},"99":{"start":{"line":219,"column":13},"end":{"line":219,"column":30}},"100":{"start":{"line":254,"column":15},"end":{"line":297,"column":2}},"101":{"start":{"line":254,"column":53},"end":{"line":297,"column":2}},"102":{"start":{"line":255,"column":27},"end":{"line":255,"column":35}},"103":{"start":{"line":257,"column":2},"end":{"line":260,"column":3}},"104":{"start":{"line":258,"column":5},"end":{"line":258,"column":55}},"105":{"start":{"line":259,"column":5},"end":{"line":259,"column":12}},"106":{"start":{"line":262,"column":2},"end":{"line":265,"column":3}},"107":{"start":{"line":263,"column":5},"end":{"line":263,"column":71}},"108":{"start":{"line":264,"column":5},"end":{"line":264,"column":12}},"109":{"start":{"line":267,"column":2},"end":{"line":296,"column":3}},"110":{"start":{"line":269,"column":20},"end":{"line":269,"column":86}},"111":{"start":{"line":272,"column":17},"end":{"line":272,"column":54}},"112":{"start":{"line":273,"column":4},"end":{"line":276,"column":5}},"113":{"start":{"line":274,"column":7},"end":{"line":274,"column":46}},"114":{"start":{"line":275,"column":7},"end":{"line":275,"column":14}},"115":{"start":{"line":279,"column":4},"end":{"line":285,"column":5}},"116":{"start":{"line":281,"column":6},"end":{"line":281,"column":30}},"117":{"start":{"line":282,"column":6},"end":{"line":282,"column":24}},"118":{"start":{"line":283,"column":7},"end":{"line":283,"column":45}},"119":{"start":{"line":284,"column":7},"end":{"line":284,"column":14}},"120":{"start":{"line":288,"column":4},"end":{"line":290,"column":6}},"121":{"start":{"line":289,"column":17},"end":{"line":289,"column":39}},"122":{"start":{"line":292,"column":4},"end":{"line":292,"column":22}},"123":{"start":{"line":293,"column":4},"end":{"line":293,"column":52}},"124":{"start":{"line":295,"column":4},"end":{"line":295,"column":42}},"125":{"start":{"line":302,"column":16},"end":{"line":359,"column":2}},"126":{"start":{"line":302,"column":54},"end":{"line":359,"column":2}},"127":{"start":{"line":303,"column":27},"end":{"line":303,"column":35}},"128":{"start":{"line":305,"column":2},"end":{"line":308,"column":3}},"129":{"start":{"line":306,"column":5},"end":{"line":306,"column":55}},"130":{"start":{"line":307,"column":5},"end":{"line":307,"column":12}},"131":{"start":{"line":310,"column":2},"end":{"line":313,"column":3}},"132":{"start":{"line":311,"column":5},"end":{"line":311,"column":71}},"133":{"start":{"line":312,"column":5},"end":{"line":312,"column":12}},"134":{"start":{"line":315,"column":2},"end":{"line":358,"column":3}},"135":{"start":{"line":317,"column":20},"end":{"line":317,"column":86}},"136":{"start":{"line":320,"column":17},"end":{"line":320,"column":54}},"137":{"start":{"line":321,"column":4},"end":{"line":324,"column":5}},"138":{"start":{"line":322,"column":7},"end":{"line":322,"column":46}},"139":{"start":{"line":323,"column":7},"end":{"line":323,"column":14}},"140":{"start":{"line":327,"column":4},"end":{"line":333,"column":5}},"141":{"start":{"line":329,"column":6},"end":{"line":329,"column":30}},"142":{"start":{"line":330,"column":6},"end":{"line":330,"column":24}},"143":{"start":{"line":331,"column":7},"end":{"line":331,"column":45}},"144":{"start":{"line":332,"column":7},"end":{"line":332,"column":14}},"145":{"start":{"line":336,"column":22},"end":{"line":336,"column":57}},"146":{"start":{"line":337,"column":4},"end":{"line":340,"column":5}},"147":{"start":{"line":338,"column":7},"end":{"line":338,"column":57}},"148":{"start":{"line":339,"column":7},"end":{"line":339,"column":14}},"149":{"start":{"line":343,"column":4},"end":{"line":345,"column":6}},"150":{"start":{"line":344,"column":17},"end":{"line":344,"column":39}},"151":{"start":{"line":348,"column":4},"end":{"line":348,"column":52}},"152":{"start":{"line":349,"column":4},"end":{"line":349,"column":22}},"153":{"start":{"line":352,"column":4},"end":{"line":355,"column":7}},"154":{"start":{"line":357,"column":4},"end":{"line":357,"column":42}},"155":{"start":{"line":361,"column":0},"end":{"line":361,"column":64}}},"fnMap":{"0":{"name":"(anonymous_8)","decl":{"start":{"line":23,"column":23},"end":{"line":23,"column":null}},"loc":{"start":{"line":25,"column":58},"end":{"line":50,"column":1}}},"1":{"name":"(anonymous_9)","decl":{"start":{"line":55,"column":17},"end":{"line":55,"column":24}},"loc":{"start":{"line":55,"column":55},"end":{"line":87,"column":2}}},"2":{"name":"(anonymous_10)","decl":{"start":{"line":55,"column":55},"end":{"line":55,"column":null}},"loc":{"start":{"line":55,"column":55},"end":{"line":87,"column":1}}},"3":{"name":"(anonymous_11)","decl":{"start":{"line":92,"column":19},"end":{"line":92,"column":26}},"loc":{"start":{"line":92,"column":57},"end":{"line":155,"column":2}}},"4":{"name":"(anonymous_12)","decl":{"start":{"line":92,"column":57},"end":{"line":92,"column":null}},"loc":{"start":{"line":92,"column":57},"end":{"line":155,"column":1}}},"5":{"name":"(anonymous_13)","decl":{"start":{"line":160,"column":14},"end":{"line":160,"column":21}},"loc":{"start":{"line":160,"column":52},"end":{"line":214,"column":2}}},"6":{"name":"(anonymous_14)","decl":{"start":{"line":160,"column":52},"end":{"line":160,"column":null}},"loc":{"start":{"line":160,"column":52},"end":{"line":214,"column":1}}},"7":{"name":"(anonymous_15)","decl":{"start":{"line":219,"column":30},"end":{"line":219,"column":null}},"loc":{"start":{"line":223,"column":4},"end":{"line":249,"column":1}}},"8":{"name":"(anonymous_16)","decl":{"start":{"line":254,"column":15},"end":{"line":254,"column":22}},"loc":{"start":{"line":254,"column":53},"end":{"line":297,"column":2}}},"9":{"name":"(anonymous_17)","decl":{"start":{"line":254,"column":53},"end":{"line":254,"column":null}},"loc":{"start":{"line":254,"column":53},"end":{"line":297,"column":1}}},"10":{"name":"(anonymous_18)","decl":{"start":{"line":289,"column":6},"end":{"line":289,"column":7}},"loc":{"start":{"line":289,"column":17},"end":{"line":289,"column":39}}},"11":{"name":"(anonymous_19)","decl":{"start":{"line":302,"column":16},"end":{"line":302,"column":23}},"loc":{"start":{"line":302,"column":54},"end":{"line":359,"column":2}}},"12":{"name":"(anonymous_20)","decl":{"start":{"line":302,"column":54},"end":{"line":302,"column":null}},"loc":{"start":{"line":302,"column":54},"end":{"line":359,"column":1}}},"13":{"name":"(anonymous_21)","decl":{"start":{"line":344,"column":6},"end":{"line":344,"column":7}},"loc":{"start":{"line":344,"column":17},"end":{"line":344,"column":39}}}},"branchMap":{"0":{"loc":{"start":{"line":29,"column":2},"end":{"line":31,"column":3}},"type":"if","locations":[{"start":{"line":29,"column":2},"end":{"line":31,"column":3}}]},"1":{"loc":{"start":{"line":37,"column":17},"end":{"line":37,"column":53}},"type":"binary-expr","locations":[{"start":{"line":37,"column":17},"end":{"line":37,"column":45}},{"start":{"line":37,"column":49},"end":{"line":37,"column":53}}]},"2":{"loc":{"start":{"line":45,"column":17},"end":{"line":45,"column":61}},"type":"binary-expr","locations":[{"start":{"line":45,"column":17},"end":{"line":45,"column":53}},{"start":{"line":45,"column":57},"end":{"line":45,"column":61}}]},"3":{"loc":{"start":{"line":59,"column":2},"end":{"line":62,"column":3}},"type":"if","locations":[{"start":{"line":59,"column":2},"end":{"line":62,"column":3}}]},"4":{"loc":{"start":{"line":59,"column":6},"end":{"line":59,"column":25}},"type":"binary-expr","locations":[{"start":{"line":59,"column":6},"end":{"line":59,"column":12}},{"start":{"line":59,"column":16},"end":{"line":59,"column":25}}]},"5":{"loc":{"start":{"line":67,"column":4},"end":{"line":70,"column":5}},"type":"if","locations":[{"start":{"line":67,"column":4},"end":{"line":70,"column":5}}]},"6":{"loc":{"start":{"line":80,"column":16},"end":{"line":80,"column":47}},"type":"binary-expr","locations":[{"start":{"line":80,"column":16},"end":{"line":80,"column":24}},{"start":{"line":80,"column":28},"end":{"line":80,"column":47}}]},"7":{"loc":{"start":{"line":95,"column":2},"end":{"line":98,"column":3}},"type":"if","locations":[{"start":{"line":95,"column":2},"end":{"line":98,"column":3}}]},"8":{"loc":{"start":{"line":108,"column":4},"end":{"line":111,"column":5}},"type":"if","locations":[{"start":{"line":108,"column":4},"end":{"line":111,"column":5}}]},"9":{"loc":{"start":{"line":108,"column":8},"end":{"line":108,"column":34}},"type":"binary-expr","locations":[{"start":{"line":108,"column":8},"end":{"line":108,"column":16}},{"start":{"line":108,"column":20},"end":{"line":108,"column":34}}]},"10":{"loc":{"start":{"line":116,"column":4},"end":{"line":126,"column":5}},"type":"if","locations":[{"start":{"line":116,"column":4},"end":{"line":126,"column":5}}]},"11":{"loc":{"start":{"line":130,"column":4},"end":{"line":133,"column":5}},"type":"if","locations":[{"start":{"line":130,"column":4},"end":{"line":133,"column":5}}]},"12":{"loc":{"start":{"line":136,"column":4},"end":{"line":138,"column":5}},"type":"if","locations":[{"start":{"line":136,"column":4},"end":{"line":138,"column":5}}]},"13":{"loc":{"start":{"line":164,"column":2},"end":{"line":168,"column":3}},"type":"if","locations":[{"start":{"line":164,"column":2},"end":{"line":168,"column":3}}]},"14":{"loc":{"start":{"line":164,"column":6},"end":{"line":164,"column":25}},"type":"binary-expr","locations":[{"start":{"line":164,"column":6},"end":{"line":164,"column":12}},{"start":{"line":164,"column":16},"end":{"line":164,"column":25}}]},"15":{"loc":{"start":{"line":173,"column":4},"end":{"line":176,"column":5}},"type":"if","locations":[{"start":{"line":173,"column":4},"end":{"line":176,"column":5}}]},"16":{"loc":{"start":{"line":184,"column":4},"end":{"line":187,"column":5}},"type":"if","locations":[{"start":{"line":184,"column":4},"end":{"line":187,"column":5}}]},"17":{"loc":{"start":{"line":191,"column":4},"end":{"line":194,"column":5}},"type":"if","locations":[{"start":{"line":191,"column":4},"end":{"line":194,"column":5}}]},"18":{"loc":{"start":{"line":197,"column":4},"end":{"line":199,"column":5}},"type":"if","locations":[{"start":{"line":197,"column":4},"end":{"line":199,"column":5}}]},"19":{"loc":{"start":{"line":207,"column":16},"end":{"line":207,"column":46}},"type":"binary-expr","locations":[{"start":{"line":207,"column":16},"end":{"line":207,"column":23}},{"start":{"line":207,"column":27},"end":{"line":207,"column":46}}]},"20":{"loc":{"start":{"line":225,"column":2},"end":{"line":228,"column":3}},"type":"if","locations":[{"start":{"line":225,"column":2},"end":{"line":228,"column":3}}]},"21":{"loc":{"start":{"line":232,"column":2},"end":{"line":235,"column":3}},"type":"if","locations":[{"start":{"line":232,"column":2},"end":{"line":235,"column":3}}]},"22":{"loc":{"start":{"line":237,"column":2},"end":{"line":240,"column":3}},"type":"if","locations":[{"start":{"line":237,"column":2},"end":{"line":240,"column":3}}]},"23":{"loc":{"start":{"line":257,"column":2},"end":{"line":260,"column":3}},"type":"if","locations":[{"start":{"line":257,"column":2},"end":{"line":260,"column":3}}]},"24":{"loc":{"start":{"line":262,"column":2},"end":{"line":265,"column":3}},"type":"if","locations":[{"start":{"line":262,"column":2},"end":{"line":265,"column":3}}]},"25":{"loc":{"start":{"line":273,"column":4},"end":{"line":276,"column":5}},"type":"if","locations":[{"start":{"line":273,"column":4},"end":{"line":276,"column":5}}]},"26":{"loc":{"start":{"line":279,"column":4},"end":{"line":285,"column":5}},"type":"if","locations":[{"start":{"line":279,"column":4},"end":{"line":285,"column":5}}]},"27":{"loc":{"start":{"line":279,"column":8},"end":{"line":279,"column":73}},"type":"binary-expr","locations":[{"start":{"line":279,"column":8},"end":{"line":279,"column":27}},{"start":{"line":279,"column":31},"end":{"line":279,"column":73}}]},"28":{"loc":{"start":{"line":305,"column":2},"end":{"line":308,"column":3}},"type":"if","locations":[{"start":{"line":305,"column":2},"end":{"line":308,"column":3}}]},"29":{"loc":{"start":{"line":310,"column":2},"end":{"line":313,"column":3}},"type":"if","locations":[{"start":{"line":310,"column":2},"end":{"line":313,"column":3}}]},"30":{"loc":{"start":{"line":321,"column":4},"end":{"line":324,"column":5}},"type":"if","locations":[{"start":{"line":321,"column":4},"end":{"line":324,"column":5}}]},"31":{"loc":{"start":{"line":327,"column":4},"end":{"line":333,"column":5}},"type":"if","locations":[{"start":{"line":327,"column":4},"end":{"line":333,"column":5}}]},"32":{"loc":{"start":{"line":327,"column":8},"end":{"line":327,"column":73}},"type":"binary-expr","locations":[{"start":{"line":327,"column":8},"end":{"line":327,"column":27}},{"start":{"line":327,"column":31},"end":{"line":327,"column":73}}]},"33":{"loc":{"start":{"line":337,"column":4},"end":{"line":340,"column":5}},"type":"if","locations":[{"start":{"line":337,"column":4},"end":{"line":340,"column":5}}]}},"s":{"0":3,"1":3,"2":3,"3":3,"4":3,"5":3,"6":3,"7":3,"8":6,"9":6,"10":0,"11":6,"12":6,"13":6,"14":3,"15":6,"16":6,"17":6,"18":2,"19":2,"20":4,"21":4,"22":4,"23":1,"24":1,"25":3,"26":3,"27":3,"28":3,"29":0,"30":3,"31":0,"32":0,"33":0,"34":0,"35":0,"36":0,"37":0,"38":0,"39":0,"40":0,"41":0,"42":0,"43":0,"44":0,"45":0,"46":0,"47":0,"48":0,"49":0,"50":0,"51":0,"52":0,"53":0,"54":0,"55":0,"56":0,"57":3,"58":7,"59":7,"60":7,"61":0,"62":0,"63":7,"64":7,"65":7,"66":0,"67":0,"68":7,"69":7,"70":1,"71":1,"72":6,"73":6,"74":0,"75":0,"76":6,"77":0,"78":6,"79":6,"80":6,"81":0,"82":3,"83":5,"84":5,"85":2,"86":2,"87":3,"88":3,"89":0,"90":0,"91":3,"92":0,"93":0,"94":3,"95":3,"96":0,"97":0,"98":3,"99":3,"100":3,"101":1,"102":1,"103":1,"104":1,"105":1,"106":0,"107":0,"108":0,"109":0,"110":0,"111":0,"112":0,"113":0,"114":0,"115":0,"116":0,"117":0,"118":0,"119":0,"120":0,"121":0,"122":0,"123":0,"124":0,"125":3,"126":3,"127":3,"128":3,"129":3,"130":3,"131":0,"132":0,"133":0,"134":0,"135":0,"136":0,"137":0,"138":0,"139":0,"140":0,"141":0,"142":0,"143":0,"144":0,"145":0,"146":0,"147":0,"148":0,"149":0,"150":0,"151":0,"152":0,"153":0,"154":0,"155":3},"f":{"0":6,"1":6,"2":6,"3":0,"4":0,"5":7,"6":7,"7":5,"8":1,"9":1,"10":0,"11":3,"12":3,"13":0},"b":{"0":[0],"1":[6,6],"2":[6,0],"3":[2],"4":[6,5],"5":[1],"6":[3,3],"7":[0],"8":[0],"9":[0,0],"10":[0],"11":[0],"12":[0],"13":[0],"14":[7,7],"15":[0],"16":[1],"17":[0],"18":[0],"19":[6,0],"20":[2],"21":[0],"22":[0],"23":[1],"24":[0],"25":[0],"26":[0],"27":[0,0],"28":[3],"29":[0],"30":[0],"31":[0],"32":[0,0],"33":[0]}}
,"/Users/roeybiton/Desktop/Advanced-Topics-in-Web-Applications/src/controllers/base_controller.ts": {"path":"/Users/roeybiton/Desktop/Advanced-Topics-in-Web-Applications/src/controllers/base_controller.ts","statementMap":{"0":{"start":{"line":9,"column":4},"end":{"line":9,"column":23}},"1":{"start":{"line":13,"column":4},"end":{"line":19,"column":5}},"2":{"start":{"line":14,"column":19},"end":{"line":14,"column":59}},"3":{"start":{"line":15,"column":19},"end":{"line":15,"column":51}},"4":{"start":{"line":16,"column":6},"end":{"line":18,"column":7}},"5":{"start":{"line":17,"column":8},"end":{"line":17,"column":48}},"6":{"start":{"line":21,"column":4},"end":{"line":27,"column":5}},"7":{"start":{"line":22,"column":19},"end":{"line":22,"column":59}},"8":{"start":{"line":23,"column":19},"end":{"line":23,"column":51}},"9":{"start":{"line":24,"column":6},"end":{"line":26,"column":7}},"10":{"start":{"line":25,"column":8},"end":{"line":25,"column":48}},"11":{"start":{"line":29,"column":4},"end":{"line":29,"column":16}},"12":{"start":{"line":33,"column":25},"end":{"line":33,"column":41}},"13":{"start":{"line":34,"column":4},"end":{"line":45,"column":5}},"14":{"start":{"line":35,"column":6},"end":{"line":41,"column":7}},"15":{"start":{"line":36,"column":23},"end":{"line":36,"column":70}},"16":{"start":{"line":37,"column":8},"end":{"line":37,"column":37}},"17":{"start":{"line":39,"column":23},"end":{"line":39,"column":46}},"18":{"start":{"line":40,"column":8},"end":{"line":40,"column":37}},"19":{"start":{"line":43,"column":6},"end":{"line":43,"column":25}},"20":{"start":{"line":44,"column":6},"end":{"line":44,"column":34}},"21":{"start":{"line":49,"column":21},"end":{"line":49,"column":34}},"22":{"start":{"line":50,"column":4},"end":{"line":60,"column":5}},"23":{"start":{"line":51,"column":21},"end":{"line":51,"column":56}},"24":{"start":{"line":52,"column":6},"end":{"line":56,"column":7}},"25":{"start":{"line":53,"column":8},"end":{"line":53,"column":54}},"26":{"start":{"line":55,"column":8},"end":{"line":55,"column":37}},"27":{"start":{"line":58,"column":6},"end":{"line":58,"column":25}},"28":{"start":{"line":59,"column":6},"end":{"line":59,"column":34}},"29":{"start":{"line":64,"column":19},"end":{"line":64,"column":27}},"30":{"start":{"line":65,"column":4},"end":{"line":82,"column":5}},"31":{"start":{"line":66,"column":30},"end":{"line":66,"column":70}},"32":{"start":{"line":67,"column":6},"end":{"line":70,"column":7}},"33":{"start":{"line":68,"column":8},"end":{"line":68,"column":59}},"34":{"start":{"line":69,"column":8},"end":{"line":69,"column":15}},"35":{"start":{"line":72,"column":24},"end":{"line":72,"column":55}},"36":{"start":{"line":73,"column":6},"end":{"line":73,"column":38}},"37":{"start":{"line":78,"column":6},"end":{"line":80,"column":7}},"38":{"start":{"line":79,"column":8},"end":{"line":79,"column":27}},"39":{"start":{"line":81,"column":6},"end":{"line":81,"column":34}},"40":{"start":{"line":85,"column":21},"end":{"line":85,"column":34}},"41":{"start":{"line":86,"column":4},"end":{"line":95,"column":5}},"42":{"start":{"line":87,"column":21},"end":{"line":87,"column":65}},"43":{"start":{"line":88,"column":6},"end":{"line":90,"column":7}},"44":{"start":{"line":89,"column":8},"end":{"line":89,"column":67}},"45":{"start":{"line":91,"column":6},"end":{"line":91,"column":89}},"46":{"start":{"line":93,"column":6},"end":{"line":93,"column":25}},"47":{"start":{"line":94,"column":6},"end":{"line":94,"column":77}},"48":{"start":{"line":99,"column":21},"end":{"line":99,"column":34}},"49":{"start":{"line":100,"column":23},"end":{"line":100,"column":31}},"50":{"start":{"line":102,"column":4},"end":{"line":118,"column":5}},"51":{"start":{"line":103,"column":30},"end":{"line":103,"column":74}},"52":{"start":{"line":104,"column":6},"end":{"line":106,"column":7}},"53":{"start":{"line":105,"column":8},"end":{"line":105,"column":66}},"54":{"start":{"line":108,"column":21},"end":{"line":110,"column":8}},"55":{"start":{"line":111,"column":6},"end":{"line":113,"column":7}},"56":{"start":{"line":112,"column":8},"end":{"line":112,"column":67}},"57":{"start":{"line":114,"column":6},"end":{"line":114,"column":35}},"58":{"start":{"line":116,"column":6},"end":{"line":116,"column":25}},"59":{"start":{"line":117,"column":6},"end":{"line":117,"column":47}},"60":{"start":{"line":122,"column":0},"end":{"line":122,"column":30}}},"fnMap":{"0":{"name":"(anonymous_7)","decl":{"start":{"line":8,"column":2},"end":{"line":8,"column":14}},"loc":{"start":{"line":8,"column":29},"end":{"line":10,"column":3}}},"1":{"name":"(anonymous_8)","decl":{"start":{"line":12,"column":16},"end":{"line":12,"column":37}},"loc":{"start":{"line":12,"column":47},"end":{"line":30,"column":null}}},"2":{"name":"(anonymous_10)","decl":{"start":{"line":32,"column":8},"end":{"line":32,"column":14}},"loc":{"start":{"line":32,"column":42},"end":{"line":46,"column":null}}},"3":{"name":"(anonymous_12)","decl":{"start":{"line":48,"column":8},"end":{"line":48,"column":15}},"loc":{"start":{"line":48,"column":43},"end":{"line":61,"column":null}}},"4":{"name":"(anonymous_14)","decl":{"start":{"line":63,"column":8},"end":{"line":63,"column":14}},"loc":{"start":{"line":63,"column":42},"end":{"line":83,"column":null}}},"5":{"name":"(anonymous_16)","decl":{"start":{"line":84,"column":8},"end":{"line":84,"column":18}},"loc":{"start":{"line":84,"column":46},"end":{"line":96,"column":null}}},"6":{"name":"(anonymous_18)","decl":{"start":{"line":98,"column":8},"end":{"line":98,"column":14}},"loc":{"start":{"line":98,"column":42},"end":{"line":119,"column":null}}}},"branchMap":{"0":{"loc":{"start":{"line":13,"column":4},"end":{"line":19,"column":5}},"type":"if","locations":[{"start":{"line":13,"column":4},"end":{"line":19,"column":5}}]},"1":{"loc":{"start":{"line":16,"column":6},"end":{"line":18,"column":7}},"type":"if","locations":[{"start":{"line":16,"column":6},"end":{"line":18,"column":7}}]},"2":{"loc":{"start":{"line":21,"column":4},"end":{"line":27,"column":5}},"type":"if","locations":[{"start":{"line":21,"column":4},"end":{"line":27,"column":5}}]},"3":{"loc":{"start":{"line":24,"column":6},"end":{"line":26,"column":7}},"type":"if","locations":[{"start":{"line":24,"column":6},"end":{"line":26,"column":7}}]},"4":{"loc":{"start":{"line":35,"column":6},"end":{"line":41,"column":7}},"type":"if","locations":[{"start":{"line":35,"column":6},"end":{"line":41,"column":7}},{"start":{"line":38,"column":13},"end":{"line":41,"column":7}}]},"5":{"loc":{"start":{"line":52,"column":6},"end":{"line":56,"column":7}},"type":"if","locations":[{"start":{"line":52,"column":6},"end":{"line":56,"column":7}},{"start":{"line":54,"column":13},"end":{"line":56,"column":7}}]},"6":{"loc":{"start":{"line":67,"column":6},"end":{"line":70,"column":7}},"type":"if","locations":[{"start":{"line":67,"column":6},"end":{"line":70,"column":7}}]},"7":{"loc":{"start":{"line":78,"column":6},"end":{"line":80,"column":7}},"type":"if","locations":[{"start":{"line":78,"column":6},"end":{"line":80,"column":7}}]},"8":{"loc":{"start":{"line":88,"column":6},"end":{"line":90,"column":7}},"type":"if","locations":[{"start":{"line":88,"column":6},"end":{"line":90,"column":7}}]},"9":{"loc":{"start":{"line":104,"column":6},"end":{"line":106,"column":7}},"type":"if","locations":[{"start":{"line":104,"column":6},"end":{"line":106,"column":7}}]},"10":{"loc":{"start":{"line":111,"column":6},"end":{"line":113,"column":7}},"type":"if","locations":[{"start":{"line":111,"column":6},"end":{"line":113,"column":7}}]}},"s":{"0":6,"1":0,"2":0,"3":0,"4":0,"5":0,"6":0,"7":0,"8":0,"9":0,"10":0,"11":0,"12":0,"13":0,"14":0,"15":0,"16":0,"17":0,"18":0,"19":0,"20":0,"21":0,"22":0,"23":0,"24":0,"25":0,"26":0,"27":0,"28":0,"29":0,"30":0,"31":0,"32":0,"33":0,"34":0,"35":0,"36":0,"37":0,"38":0,"39":0,"40":0,"41":0,"42":0,"43":0,"44":0,"45":0,"46":0,"47":0,"48":0,"49":0,"50":0,"51":0,"52":0,"53":0,"54":0,"55":0,"56":0,"57":0,"58":0,"59":0,"60":3},"f":{"0":6,"1":0,"2":0,"3":0,"4":0,"5":0,"6":0},"b":{"0":[0],"1":[0],"2":[0],"3":[0],"4":[0,0],"5":[0,0],"6":[0],"7":[0],"8":[0],"9":[0],"10":[0]}}
,"/Users/roeybiton/Desktop/Advanced-Topics-in-Web-Applications/src/controllers/comments_controller.ts": {"path":"/Users/roeybiton/Desktop/Advanced-Topics-in-Web-Applications/src/controllers/comments_controller.ts","statementMap":{"0":{"start":{"line":2,"column":0},"end":{"line":2,"column":67}},"1":{"start":{"line":4,"column":0},"end":{"line":4,"column":47}},"2":{"start":{"line":8,"column":4},"end":{"line":8,"column":25}},"3":{"start":{"line":11,"column":19},"end":{"line":11,"column":36}},"4":{"start":{"line":12,"column":17},"end":{"line":12,"column":76}},"5":{"start":{"line":13,"column":4},"end":{"line":13,"column":23}},"6":{"start":{"line":15,"column":4},"end":{"line":15,"column":27}},"7":{"start":{"line":19,"column":4},"end":{"line":26,"column":5}},"8":{"start":{"line":20,"column":23},"end":{"line":20,"column":78}},"9":{"start":{"line":21,"column":6},"end":{"line":21,"column":25}},"10":{"start":{"line":23,"column":6},"end":{"line":23,"column":25}},"11":{"start":{"line":25,"column":6},"end":{"line":25,"column":47}},"12":{"start":{"line":29,"column":0},"end":{"line":29,"column":40}}},"fnMap":{"0":{"name":"(anonymous_8)","decl":{"start":{"line":7,"column":2},"end":{"line":7,"column":null}},"loc":{"start":{"line":7,"column":2},"end":{"line":9,"column":3}}},"1":{"name":"(anonymous_9)","decl":{"start":{"line":10,"column":8},"end":{"line":10,"column":14}},"loc":{"start":{"line":10,"column":42},"end":{"line":16,"column":null}}},"2":{"name":"(anonymous_12)","decl":{"start":{"line":18,"column":8},"end":{"line":18,"column":27}},"loc":{"start":{"line":18,"column":55},"end":{"line":27,"column":null}}}},"branchMap":{},"s":{"0":3,"1":3,"2":3,"3":0,"4":0,"5":0,"6":0,"7":0,"8":0,"9":0,"10":0,"11":0,"12":3},"f":{"0":3,"1":0,"2":0},"b":{}}
,"/Users/roeybiton/Desktop/Advanced-Topics-in-Web-Applications/src/controllers/post_controller.ts": {"path":"/Users/roeybiton/Desktop/Advanced-Topics-in-Web-Applications/src/controllers/post_controller.ts","statementMap":{"0":{"start":{"line":1,"column":0},"end":{"line":1,"column":57}},"1":{"start":{"line":3,"column":0},"end":{"line":3,"column":47}},"2":{"start":{"line":9,"column":4},"end":{"line":9,"column":21}},"3":{"start":{"line":13,"column":4},"end":{"line":20,"column":5}},"4":{"start":{"line":14,"column":21},"end":{"line":14,"column":38}},"5":{"start":{"line":15,"column":16},"end":{"line":15,"column":50}},"6":{"start":{"line":16,"column":6},"end":{"line":16,"column":22}},"7":{"start":{"line":17,"column":6},"end":{"line":17,"column":29}},"8":{"start":{"line":19,"column":6},"end":{"line":19,"column":70}},"9":{"start":{"line":23,"column":0},"end":{"line":23,"column":37}}},"fnMap":{"0":{"name":"(anonymous_8)","decl":{"start":{"line":8,"column":2},"end":{"line":8,"column":null}},"loc":{"start":{"line":8,"column":2},"end":{"line":10,"column":3}}},"1":{"name":"(anonymous_9)","decl":{"start":{"line":12,"column":8},"end":{"line":12,"column":14}},"loc":{"start":{"line":12,"column":42},"end":{"line":21,"column":null}}}},"branchMap":{},"s":{"0":3,"1":3,"2":3,"3":0,"4":0,"5":0,"6":0,"7":0,"8":0,"9":3},"f":{"0":3,"1":0},"b":{}}
,"/Users/roeybiton/Desktop/Advanced-Topics-in-Web-Applications/src/models/comments_model.ts": {"path":"/Users/roeybiton/Desktop/Advanced-Topics-in-Web-Applications/src/models/comments_model.ts","statementMap":{"0":{"start":{"line":1,"column":0},"end":{"line":1,"column":32}},"1":{"start":{"line":7,"column":22},"end":{"line":17,"column":null}},"2":{"start":{"line":20,"column":21},"end":{"line":20,"column":71}},"3":{"start":{"line":22,"column":0},"end":{"line":22,"column":28}}},"fnMap":{},"branchMap":{},"s":{"0":3,"1":3,"2":3,"3":3},"f":{},"b":{}}
,"/Users/roeybiton/Desktop/Advanced-Topics-in-Web-Applications/src/models/posts_model.ts": {"path":"/Users/roeybiton/Desktop/Advanced-Topics-in-Web-Applications/src/models/posts_model.ts","statementMap":{"0":{"start":{"line":1,"column":0},"end":{"line":1,"column":32}},"1":{"start":{"line":9,"column":19},"end":{"line":13,"column":2}},"2":{"start":{"line":15,"column":18},"end":{"line":15,"column":60}},"3":{"start":{"line":17,"column":0},"end":{"line":17,"column":25}}},"fnMap":{},"branchMap":{},"s":{"0":3,"1":3,"2":3,"3":3},"f":{},"b":{}}
,"/Users/roeybiton/Desktop/Advanced-Topics-in-Web-Applications/src/models/users_model.ts": {"path":"/Users/roeybiton/Desktop/Advanced-Topics-in-Web-Applications/src/models/users_model.ts","statementMap":{"0":{"start":{"line":1,"column":0},"end":{"line":1,"column":32}},"1":{"start":{"line":10,"column":19},"end":{"line":14,"column":2}},"2":{"start":{"line":16,"column":18},"end":{"line":16,"column":60}},"3":{"start":{"line":18,"column":0},"end":{"line":18,"column":25}}},"fnMap":{},"branchMap":{},"s":{"0":3,"1":3,"2":3,"3":3},"f":{},"b":{}}
,"/Users/roeybiton/Desktop/Advanced-Topics-in-Web-Applications/src/routes/auth_routes.ts": {"path":"/Users/roeybiton/Desktop/Advanced-Topics-in-Web-Applications/src/routes/auth_routes.ts","statementMap":{"0":{"start":{"line":2,"column":0},"end":{"line":2,"column":30}},"1":{"start":{"line":3,"column":15},"end":{"line":3,"column":31}},"2":{"start":{"line":4,"column":0},"end":{"line":4,"column":60}},"3":{"start":{"line":134,"column":0},"end":{"line":134,"column":50}},"4":{"start":{"line":162,"column":0},"end":{"line":162,"column":44}},"5":{"start":{"line":188,"column":0},"end":{"line":188,"column":50}},"6":{"start":{"line":217,"column":0},"end":{"line":217,"column":46}},"7":{"start":{"line":245,"column":0},"end":{"line":245,"column":48}},"8":{"start":{"line":247,"column":0},"end":{"line":247,"column":22}}},"fnMap":{},"branchMap":{},"s":{"0":3,"1":3,"2":3,"3":3,"4":3,"5":3,"6":3,"7":3,"8":3},"f":{},"b":{}}
,"/Users/roeybiton/Desktop/Advanced-Topics-in-Web-Applications/src/routes/comments_routes.ts": {"path":"/Users/roeybiton/Desktop/Advanced-Topics-in-Web-Applications/src/routes/comments_routes.ts","statementMap":{"0":{"start":{"line":1,"column":0},"end":{"line":1,"column":30}},"1":{"start":{"line":2,"column":15},"end":{"line":2,"column":31}},"2":{"start":{"line":3,"column":0},"end":{"line":3,"column":68}},"3":{"start":{"line":4,"column":0},"end":{"line":4,"column":64}},"4":{"start":{"line":26,"column":0},"end":{"line":28,"column":3}},"5":{"start":{"line":27,"column":2},"end":{"line":27,"column":38}},"6":{"start":{"line":59,"column":0},"end":{"line":63,"column":2}},"7":{"start":{"line":97,"column":0},"end":{"line":99,"column":3}},"8":{"start":{"line":98,"column":2},"end":{"line":98,"column":38}},"9":{"start":{"line":124,"column":0},"end":{"line":126,"column":3}},"10":{"start":{"line":125,"column":2},"end":{"line":125,"column":39}},"11":{"start":{"line":151,"column":0},"end":{"line":153,"column":3}},"12":{"start":{"line":151,"column":57},"end":{"line":153,"column":2}},"13":{"start":{"line":152,"column":2},"end":{"line":152,"column":67}},"14":{"start":{"line":157,"column":0},"end":{"line":157,"column":22}}},"fnMap":{"0":{"name":"(anonymous_8)","decl":{"start":{"line":26,"column":16},"end":{"line":26,"column":17}},"loc":{"start":{"line":26,"column":29},"end":{"line":28,"column":1}}},"1":{"name":"(anonymous_9)","decl":{"start":{"line":97,"column":19},"end":{"line":97,"column":20}},"loc":{"start":{"line":97,"column":32},"end":{"line":99,"column":1}}},"2":{"name":"(anonymous_10)","decl":{"start":{"line":124,"column":19},"end":{"line":124,"column":20}},"loc":{"start":{"line":124,"column":32},"end":{"line":126,"column":1}}},"3":{"name":"(anonymous_11)","decl":{"start":{"line":151,"column":38},"end":{"line":151,"column":45}},"loc":{"start":{"line":151,"column":57},"end":{"line":153,"column":2}}},"4":{"name":"(anonymous_12)","decl":{"start":{"line":151,"column":57},"end":{"line":151,"column":null}},"loc":{"start":{"line":151,"column":57},"end":{"line":153,"column":1}}}},"branchMap":{},"s":{"0":3,"1":3,"2":3,"3":3,"4":3,"5":0,"6":3,"7":3,"8":0,"9":3,"10":0,"11":3,"12":0,"13":0,"14":3},"f":{"0":0,"1":0,"2":0,"3":0,"4":0},"b":{}}
,"/Users/roeybiton/Desktop/Advanced-Topics-in-Web-Applications/src/routes/posts_routes.ts": {"path":"/Users/roeybiton/Desktop/Advanced-Topics-in-Web-Applications/src/routes/posts_routes.ts","statementMap":{"0":{"start":{"line":1,"column":0},"end":{"line":1,"column":30}},"1":{"start":{"line":2,"column":15},"end":{"line":2,"column":31}},"2":{"start":{"line":3,"column":0},"end":{"line":3,"column":60}},"3":{"start":{"line":4,"column":0},"end":{"line":4,"column":64}},"4":{"start":{"line":22,"column":0},"end":{"line":22,"column":60}},"5":{"start":{"line":47,"column":0},"end":{"line":49,"column":3}},"6":{"start":{"line":48,"column":2},"end":{"line":48,"column":35}},"7":{"start":{"line":81,"column":0},"end":{"line":83,"column":3}},"8":{"start":{"line":82,"column":2},"end":{"line":82,"column":34}},"9":{"start":{"line":110,"column":0},"end":{"line":110,"column":77}},"10":{"start":{"line":135,"column":0},"end":{"line":137,"column":3}},"11":{"start":{"line":136,"column":2},"end":{"line":136,"column":38}},"12":{"start":{"line":139,"column":0},"end":{"line":139,"column":22}}},"fnMap":{"0":{"name":"(anonymous_1)","decl":{"start":{"line":47,"column":19},"end":{"line":47,"column":20}},"loc":{"start":{"line":47,"column":32},"end":{"line":49,"column":1}}},"1":{"name":"(anonymous_2)","decl":{"start":{"line":81,"column":19},"end":{"line":81,"column":20}},"loc":{"start":{"line":81,"column":32},"end":{"line":83,"column":1}}},"2":{"name":"(anonymous_3)","decl":{"start":{"line":135,"column":38},"end":{"line":135,"column":39}},"loc":{"start":{"line":135,"column":51},"end":{"line":137,"column":1}}}},"branchMap":{},"s":{"0":3,"1":3,"2":3,"3":3,"4":3,"5":3,"6":0,"7":3,"8":0,"9":3,"10":3,"11":0,"12":3},"f":{"0":0,"1":0,"2":0},"b":{}}
}
