TN:
SF:swaggerConfig.ts
FN:24,(anonymous_1)
FNF:1
FNH:1
FNDA:3,(anonymous_1)
DA:2,3
DA:3,3
DA:5,3
DA:22,3
DA:24,3
DA:25,3
DA:28,3
LF:7
LH:7
BRF:0
BRH:0
end_of_record
TN:
SF:src\server.ts
FN:13,(anonymous_1)
FN:17,(anonymous_2)
FN:27,(anonymous_3)
FN:31,(anonymous_4)
FN:32,(anonymous_5)
FN:40,(anonymous_6)
FNF:6
FNH:4
FNDA:0,(anonymous_1)
FNDA:3,(anonymous_2)
FNDA:0,(anonymous_3)
FNDA:3,(anonymous_4)
FNDA:3,(anonymous_5)
FNDA:3,(anonymous_6)
DA:1,3
DA:2,3
DA:3,3
DA:4,3
DA:5,3
DA:6,3
DA:7,3
DA:8,3
DA:9,3
DA:11,3
DA:12,3
DA:13,3
DA:14,0
DA:17,3
DA:18,3
DA:21,3
DA:22,3
DA:24,3
DA:25,3
DA:26,3
DA:27,3
DA:28,0
DA:30,3
DA:31,3
DA:32,3
DA:36,3
DA:37,0
DA:38,0
DA:40,3
DA:42,3
DA:44,3
DA:50,3
LF:32
LH:28
BRDA:36,0,0,0
BRDA:36,0,1,3
BRF:2
BRH:1
end_of_record
TN:
SF:src\controllers\auth_controller.ts
FN:7,(anonymous_8)
FN:7,(anonymous_9)
FN:30,(anonymous_10)
FN:54,(anonymous_11)
FN:54,(anonymous_12)
FN:100,(anonymous_13)
FN:116,(anonymous_14)
FN:125,(anonymous_15)
FN:125,(anonymous_16)
FN:139,(anonymous_17)
FN:139,(anonymous_18)
FN:158,(anonymous_19)
FN:170,(anonymous_20)
FN:170,(anonymous_21)
FN:184,(anonymous_22)
FN:184,(anonymous_23)
FN:215,(anonymous_24)
FNF:17
FNH:17
FNDA:6,(anonymous_8)
FNDA:6,(anonymous_9)
FNDA:10,(anonymous_10)
FNDA:7,(anonymous_11)
FNDA:7,(anonymous_12)
FNDA:7,(anonymous_13)
FNDA:5,(anonymous_14)
FNDA:1,(anonymous_15)
FNDA:1,(anonymous_16)
FNDA:1,(anonymous_17)
FNDA:1,(anonymous_18)
FNDA:2,(anonymous_19)
FNDA:7,(anonymous_20)
FNDA:7,(anonymous_21)
FNDA:7,(anonymous_22)
FNDA:7,(anonymous_23)
FNDA:6,(anonymous_24)
DA:2,3
DA:3,3
DA:4,3
DA:7,6
DA:8,6
DA:9,6
DA:10,6
DA:11,2
DA:12,2
DA:14,4
DA:15,4
DA:16,4
DA:17,4
DA:18,4
DA:23,3
DA:25,1
DA:27,4
DA:30,3
DA:33,10
DA:34,10
DA:35,0
DA:37,10
DA:44,10
DA:51,10
DA:54,7
DA:55,7
DA:57,7
DA:58,7
DA:59,0
DA:60,0
DA:63,7
DA:68,7
DA:69,1
DA:70,1
DA:74,6
DA:75,6
DA:76,0
DA:77,0
DA:80,6
DA:81,0
DA:83,6
DA:84,6
DA:86,6
DA:93,0
DA:100,3
DA:105,7
DA:106,7
DA:107,7
DA:108,2
DA:111,5
DA:112,0
DA:113,0
DA:116,5
DA:117,5
DA:118,2
DA:120,3
DA:121,3
DA:125,3
DA:126,1
DA:127,1
DA:128,0
DA:129,0
DA:132,1
DA:133,0
DA:134,0
DA:136,1
DA:139,1
DA:140,1
DA:141,0
DA:142,0
DA:144,1
DA:145,1
DA:146,1
DA:147,1
DA:148,0
DA:149,0
DA:151,1
DA:152,0
DA:153,0
DA:154,0
DA:155,0
DA:157,1
DA:158,2
DA:160,1
DA:162,1
DA:163,1
DA:165,0
DA:170,7
DA:172,7
DA:173,7
DA:174,0
DA:175,0
DA:177,7
DA:178,0
DA:179,0
DA:181,7
DA:184,7
DA:185,7
DA:186,0
DA:187,0
DA:191,7
DA:192,7
DA:193,7
DA:194,7
DA:195,0
DA:196,0
DA:199,7
DA:200,3
DA:201,3
DA:202,3
DA:203,3
DA:206,4
DA:207,4
DA:208,0
DA:209,0
DA:210,0
DA:211,0
DA:214,4
DA:215,6
DA:218,4
DA:219,4
DA:221,4
DA:226,0
DA:232,3
LF:124
LH:89
BRDA:10,0,0,2
BRDA:10,1,0,6
BRDA:10,1,1,5
BRDA:34,2,0,0
BRDA:58,3,0,0
BRDA:68,4,0,1
BRDA:75,5,0,0
BRDA:80,6,0,0
BRDA:106,7,0,7
BRDA:106,7,1,5
BRDA:107,8,0,2
BRDA:111,9,0,0
BRDA:117,10,0,2
BRDA:127,11,0,0
BRDA:132,12,0,0
BRDA:140,13,0,0
BRDA:147,14,0,0
BRDA:151,15,0,0
BRDA:151,16,0,1
BRDA:151,16,1,1
BRDA:173,17,0,0
BRDA:177,18,0,0
BRDA:185,19,0,0
BRDA:194,20,0,0
BRDA:199,21,0,3
BRDA:199,22,0,7
BRDA:199,22,1,7
BRDA:207,23,0,0
BRF:28
BRH:13
end_of_record
TN:
SF:src\controllers\base_controller.ts
FN:8,(anonymous_7)
FN:12,(anonymous_8)
FN:32,(anonymous_10)
FN:48,(anonymous_12)
FN:63,(anonymous_14)
FN:84,(anonymous_16)
FN:98,(anonymous_18)
FNF:7
FNH:3
FNDA:6,(anonymous_7)
FNDA:3,(anonymous_8)
FNDA:0,(anonymous_10)
FNDA:0,(anonymous_12)
FNDA:3,(anonymous_14)
FNDA:0,(anonymous_16)
FNDA:0,(anonymous_18)
DA:9,6
DA:13,3
DA:14,0
DA:15,0
DA:16,0
DA:17,0
DA:21,3
DA:22,3
DA:23,3
DA:24,3
DA:25,0
DA:29,3
DA:33,0
DA:34,0
DA:35,0
DA:36,0
DA:37,0
DA:39,0
DA:40,0
DA:43,0
DA:44,0
DA:49,0
DA:50,0
DA:51,0
DA:52,0
DA:53,0
DA:55,0
DA:58,0
DA:59,0
DA:64,3
DA:65,3
DA:66,3
DA:67,3
DA:68,0
DA:69,0
DA:72,3
DA:73,3
DA:78,0
DA:79,0
DA:81,0
DA:85,0
DA:86,0
DA:87,0
DA:88,0
DA:89,0
DA:91,0
DA:93,0
DA:94,0
DA:99,0
DA:100,0
DA:102,0
DA:103,0
DA:104,0
DA:105,0
DA:108,0
DA:111,0
DA:112,0
DA:114,0
DA:116,0
DA:117,0
DA:122,3
LF:61
LH:14
BRDA:13,0,0,0
BRDA:16,1,0,0
BRDA:21,2,0,3
BRDA:24,3,0,0
BRDA:35,4,0,0
BRDA:35,4,1,0
BRDA:52,5,0,0
BRDA:52,5,1,0
BRDA:67,6,0,0
BRDA:78,7,0,0
BRDA:88,8,0,0
BRDA:104,9,0,0
BRDA:111,10,0,0
BRF:13
BRH:1
end_of_record
TN:
SF:src\controllers\comments_controller.ts
FN:7,(anonymous_8)
FN:10,(anonymous_9)
FN:18,(anonymous_12)
FNF:3
FNH:1
FNDA:3,(anonymous_8)
FNDA:0,(anonymous_9)
FNDA:0,(anonymous_12)
DA:2,3
DA:4,3
DA:8,3
DA:11,0
DA:12,0
DA:13,0
DA:15,0
DA:19,0
DA:20,0
DA:21,0
DA:23,0
DA:25,0
DA:29,3
LF:13
LH:4
BRF:0
BRH:0
end_of_record
TN:
SF:src\controllers\post_controller.ts
FN:8,(anonymous_8)
FN:12,(anonymous_9)
FNF:2
FNH:2
FNDA:3,(anonymous_8)
FNDA:3,(anonymous_9)
DA:1,3
DA:3,3
DA:9,3
DA:13,3
DA:14,3
DA:15,3
DA:16,3
DA:17,3
DA:19,0
DA:23,3
LF:10
LH:9
BRF:0
BRH:0
end_of_record
TN:
SF:src\models\comments_model.ts
FNF:0
FNH:0
DA:1,3
DA:7,3
DA:20,3
DA:22,3
LF:4
LH:4
BRF:0
BRH:0
end_of_record
TN:
SF:src\models\posts_model.ts
FNF:0
FNH:0
DA:1,3
DA:9,3
DA:15,3
DA:17,3
LF:4
LH:4
BRF:0
BRH:0
end_of_record
TN:
SF:src\models\users_model.ts
FNF:0
FNH:0
DA:1,3
DA:10,3
DA:16,3
DA:18,3
LF:4
LH:4
BRF:0
BRH:0
end_of_record
TN:
SF:src\routes\auth_routes.ts
FNF:0
FNH:0
DA:1,3
DA:2,3
DA:3,3
DA:5,3
DA:7,3
DA:9,3
DA:11,3
DA:13,3
LF:8
LH:8
BRF:0
BRH:0
end_of_record
TN:
SF:src\routes\comments_routes.ts
FN:8,(anonymous_8)
FN:8,(anonymous_9)
FN:11,(anonymous_10)
FN:19,(anonymous_11)
FN:22,(anonymous_12)
FNF:5
FNH:0
FNDA:0,(anonymous_8)
FNDA:0,(anonymous_9)
FNDA:0,(anonymous_10)
FNDA:0,(anonymous_11)
FNDA:0,(anonymous_12)
DA:1,3
DA:2,3
DA:3,3
DA:4,3
DA:8,3
DA:9,0
DA:11,3
DA:12,0
DA:14,3
DA:19,3
DA:20,0
DA:22,3
DA:23,0
DA:27,3
LF:14
LH:10
BRF:0
BRH:0
end_of_record
TN:
SF:src\routes\posts_routes.ts
FN:7,(anonymous_1)
FN:10,(anonymous_2)
FN:14,(anonymous_3)
FNF:3
FNH:0
FNDA:0,(anonymous_1)
FNDA:0,(anonymous_2)
FNDA:0,(anonymous_3)
DA:1,3
DA:2,3
DA:3,3
DA:4,3
DA:6,3
DA:7,3
DA:8,0
DA:10,3
DA:11,0
DA:13,3
DA:14,3
DA:15,0
DA:18,3
LF:13
LH:10
BRF:0
BRH:0
end_of_record
