TN:
SF:swaggerConfig.ts
FN:24,(anonymous_1)
FNF:1
FNH:1
FNDA:3,(anonymous_1)
DA:2,3
DA:3,3
DA:5,3
DA:22,3
DA:24,3
DA:25,3
DA:28,3
LF:7
LH:7
BRF:0
BRH:0
end_of_record
TN:
SF:src/server.ts
FN:13,(anonymous_1)
FN:17,(anonymous_2)
FN:27,(anonymous_3)
FN:31,(anonymous_4)
FN:32,(anonymous_5)
FN:40,(anonymous_6)
FNF:6
FNH:4
FNDA:0,(anonymous_1)
FNDA:3,(anonymous_2)
FNDA:0,(anonymous_3)
FNDA:3,(anonymous_4)
FNDA:3,(anonymous_5)
FNDA:3,(anonymous_6)
DA:1,3
DA:2,3
DA:3,3
DA:4,3
DA:5,3
DA:6,3
DA:7,3
DA:8,3
DA:9,3
DA:11,3
DA:12,3
DA:13,3
DA:14,0
DA:17,3
DA:18,3
DA:21,3
DA:22,3
DA:24,3
DA:25,3
DA:26,3
DA:27,3
DA:28,0
DA:30,3
DA:31,3
DA:32,3
DA:36,3
DA:37,0
DA:38,0
DA:40,3
DA:42,3
DA:44,3
DA:50,3
LF:32
LH:28
BRDA:36,0,0,0
BRDA:36,0,1,3
BRF:2
BRH:1
end_of_record
TN:
SF:src/controllers/auth_controller.ts
FN:23,(anonymous_8)
FN:55,(anonymous_9)
FN:55,(anonymous_10)
FN:92,(anonymous_11)
FN:92,(anonymous_12)
FN:160,(anonymous_13)
FN:160,(anonymous_14)
FN:219,(anonymous_15)
FN:254,(anonymous_16)
FN:254,(anonymous_17)
FN:289,(anonymous_18)
FN:302,(anonymous_19)
FN:302,(anonymous_20)
FN:344,(anonymous_21)
FNF:14
FNH:10
FNDA:6,(anonymous_8)
FNDA:6,(anonymous_9)
FNDA:6,(anonymous_10)
FNDA:0,(anonymous_11)
FNDA:0,(anonymous_12)
FNDA:7,(anonymous_13)
FNDA:7,(anonymous_14)
FNDA:5,(anonymous_15)
FNDA:1,(anonymous_16)
FNDA:1,(anonymous_17)
FNDA:0,(anonymous_18)
FNDA:3,(anonymous_19)
FNDA:3,(anonymous_20)
FNDA:0,(anonymous_21)
DA:3,3
DA:4,3
DA:5,3
DA:6,3
DA:7,3
DA:9,3
DA:12,3
DA:23,3
DA:27,6
DA:29,6
DA:30,0
DA:33,6
DA:41,6
DA:49,6
DA:55,6
DA:56,6
DA:59,6
DA:60,2
DA:61,2
DA:64,4
DA:66,4
DA:67,4
DA:68,1
DA:69,1
DA:73,3
DA:74,3
DA:77,3
DA:83,3
DA:85,0
DA:92,3
DA:93,0
DA:95,0
DA:96,0
DA:97,0
DA:100,0
DA:102,0
DA:107,0
DA:108,0
DA:109,0
DA:110,0
DA:114,0
DA:116,0
DA:118,0
DA:120,0
DA:129,0
DA:130,0
DA:131,0
DA:132,0
DA:136,0
DA:137,0
DA:139,0
DA:140,0
DA:143,0
DA:152,0
DA:153,0
DA:160,7
DA:161,7
DA:164,7
DA:166,0
DA:167,0
DA:170,7
DA:172,7
DA:173,7
DA:174,0
DA:175,0
DA:179,7
DA:184,7
DA:185,1
DA:186,1
DA:190,6
DA:191,6
DA:192,0
DA:193,0
DA:197,6
DA:198,0
DA:200,6
DA:201,6
DA:204,6
DA:212,0
DA:219,3
DA:224,5
DA:225,5
DA:226,2
DA:227,2
DA:230,3
DA:232,3
DA:233,0
DA:234,0
DA:237,3
DA:238,0
DA:239,0
DA:242,3
DA:243,3
DA:244,0
DA:245,0
DA:247,3
DA:254,3
DA:255,1
DA:257,1
DA:258,1
DA:259,1
DA:262,0
DA:263,0
DA:264,0
DA:267,0
DA:269,0
DA:272,0
DA:273,0
DA:274,0
DA:275,0
DA:279,0
DA:281,0
DA:282,0
DA:283,0
DA:284,0
DA:288,0
DA:289,0
DA:292,0
DA:293,0
DA:295,0
DA:302,3
DA:303,3
DA:305,3
DA:306,3
DA:307,3
DA:310,0
DA:311,0
DA:312,0
DA:315,0
DA:317,0
DA:320,0
DA:321,0
DA:322,0
DA:323,0
DA:327,0
DA:329,0
DA:330,0
DA:331,0
DA:332,0
DA:336,0
DA:337,0
DA:338,0
DA:339,0
DA:343,0
DA:344,0
DA:348,0
DA:349,0
DA:352,0
DA:357,0
DA:361,3
LF:150
LH:66
BRDA:29,0,0,0
BRDA:37,1,0,6
BRDA:37,1,1,6
BRDA:45,2,0,6
BRDA:45,2,1,0
BRDA:59,3,0,2
BRDA:59,4,0,6
BRDA:59,4,1,5
BRDA:67,5,0,1
BRDA:80,6,0,3
BRDA:80,6,1,3
BRDA:95,7,0,0
BRDA:108,8,0,0
BRDA:108,9,0,0
BRDA:108,9,1,0
BRDA:116,10,0,0
BRDA:130,11,0,0
BRDA:136,12,0,0
BRDA:164,13,0,0
BRDA:164,14,0,7
BRDA:164,14,1,7
BRDA:173,15,0,0
BRDA:184,16,0,1
BRDA:191,17,0,0
BRDA:197,18,0,0
BRDA:207,19,0,6
BRDA:207,19,1,0
BRDA:225,20,0,2
BRDA:232,21,0,0
BRDA:237,22,0,0
BRDA:257,23,0,1
BRDA:262,24,0,0
BRDA:273,25,0,0
BRDA:279,26,0,0
BRDA:279,27,0,0
BRDA:279,27,1,0
BRDA:305,28,0,3
BRDA:310,29,0,0
BRDA:321,30,0,0
BRDA:327,31,0,0
BRDA:327,32,0,0
BRDA:327,32,1,0
BRDA:337,33,0,0
BRF:43
BRH:16
end_of_record
TN:
SF:src/controllers/base_controller.ts
FN:8,(anonymous_7)
FN:12,(anonymous_8)
FN:32,(anonymous_10)
FN:48,(anonymous_12)
FN:63,(anonymous_14)
FN:84,(anonymous_16)
FN:98,(anonymous_18)
FNF:7
FNH:1
FNDA:6,(anonymous_7)
FNDA:0,(anonymous_8)
FNDA:0,(anonymous_10)
FNDA:0,(anonymous_12)
FNDA:0,(anonymous_14)
FNDA:0,(anonymous_16)
FNDA:0,(anonymous_18)
DA:9,6
DA:13,0
DA:14,0
DA:15,0
DA:16,0
DA:17,0
DA:21,0
DA:22,0
DA:23,0
DA:24,0
DA:25,0
DA:29,0
DA:33,0
DA:34,0
DA:35,0
DA:36,0
DA:37,0
DA:39,0
DA:40,0
DA:43,0
DA:44,0
DA:49,0
DA:50,0
DA:51,0
DA:52,0
DA:53,0
DA:55,0
DA:58,0
DA:59,0
DA:64,0
DA:65,0
DA:66,0
DA:67,0
DA:68,0
DA:69,0
DA:72,0
DA:73,0
DA:78,0
DA:79,0
DA:81,0
DA:85,0
DA:86,0
DA:87,0
DA:88,0
DA:89,0
DA:91,0
DA:93,0
DA:94,0
DA:99,0
DA:100,0
DA:102,0
DA:103,0
DA:104,0
DA:105,0
DA:108,0
DA:111,0
DA:112,0
DA:114,0
DA:116,0
DA:117,0
DA:122,3
LF:61
LH:2
BRDA:13,0,0,0
BRDA:16,1,0,0
BRDA:21,2,0,0
BRDA:24,3,0,0
BRDA:35,4,0,0
BRDA:35,4,1,0
BRDA:52,5,0,0
BRDA:52,5,1,0
BRDA:67,6,0,0
BRDA:78,7,0,0
BRDA:88,8,0,0
BRDA:104,9,0,0
BRDA:111,10,0,0
BRF:13
BRH:0
end_of_record
TN:
SF:src/controllers/comments_controller.ts
FN:7,(anonymous_8)
FN:10,(anonymous_9)
FN:18,(anonymous_12)
FNF:3
FNH:1
FNDA:3,(anonymous_8)
FNDA:0,(anonymous_9)
FNDA:0,(anonymous_12)
DA:2,3
DA:4,3
DA:8,3
DA:11,0
DA:12,0
DA:13,0
DA:15,0
DA:19,0
DA:20,0
DA:21,0
DA:23,0
DA:25,0
DA:29,3
LF:13
LH:4
BRF:0
BRH:0
end_of_record
TN:
SF:src/controllers/post_controller.ts
FN:8,(anonymous_8)
FN:12,(anonymous_9)
FNF:2
FNH:1
FNDA:3,(anonymous_8)
FNDA:0,(anonymous_9)
DA:1,3
DA:3,3
DA:9,3
DA:13,0
DA:14,0
DA:15,0
DA:16,0
DA:17,0
DA:19,0
DA:23,3
LF:10
LH:4
BRF:0
BRH:0
end_of_record
TN:
SF:src/models/comments_model.ts
FNF:0
FNH:0
DA:1,3
DA:7,3
DA:20,3
DA:22,3
LF:4
LH:4
BRF:0
BRH:0
end_of_record
TN:
SF:src/models/posts_model.ts
FNF:0
FNH:0
DA:1,3
DA:9,3
DA:15,3
DA:17,3
LF:4
LH:4
BRF:0
BRH:0
end_of_record
TN:
SF:src/models/users_model.ts
FNF:0
FNH:0
DA:1,3
DA:10,3
DA:16,3
DA:18,3
LF:4
LH:4
BRF:0
BRH:0
end_of_record
TN:
SF:src/routes/auth_routes.ts
FNF:0
FNH:0
DA:2,3
DA:3,3
DA:4,3
DA:134,3
DA:162,3
DA:188,3
DA:217,3
DA:245,3
DA:247,3
LF:9
LH:9
BRF:0
BRH:0
end_of_record
TN:
SF:src/routes/comments_routes.ts
FN:26,(anonymous_8)
FN:97,(anonymous_9)
FN:124,(anonymous_10)
FN:151,(anonymous_11)
FN:151,(anonymous_12)
FNF:5
FNH:0
FNDA:0,(anonymous_8)
FNDA:0,(anonymous_9)
FNDA:0,(anonymous_10)
FNDA:0,(anonymous_11)
FNDA:0,(anonymous_12)
DA:1,3
DA:2,3
DA:3,3
DA:4,3
DA:26,3
DA:27,0
DA:59,3
DA:97,3
DA:98,0
DA:124,3
DA:125,0
DA:151,3
DA:152,0
DA:157,3
LF:14
LH:10
BRF:0
BRH:0
end_of_record
TN:
SF:src/routes/posts_routes.ts
FN:47,(anonymous_1)
FN:81,(anonymous_2)
FN:135,(anonymous_3)
FNF:3
FNH:0
FNDA:0,(anonymous_1)
FNDA:0,(anonymous_2)
FNDA:0,(anonymous_3)
DA:1,3
DA:2,3
DA:3,3
DA:4,3
DA:22,3
DA:47,3
DA:48,0
DA:81,3
DA:82,0
DA:110,3
DA:135,3
DA:136,0
DA:139,3
LF:13
LH:10
BRF:0
BRH:0
end_of_record
